id,phone_sequence
fadg0_si1279,hIwLAJUaIrDcaBLMrDwLMPwQt
fadg0_si1909,tbLiKsFPLkuwDBPUJLIcFBUJLhlwLDytNlwKr
fadg0_si649,wLJcnQrJUtrCcBgbLHcQvtAyPDwLMywQLHrLHcwJwDIrJLHMnbnLMtrvrIFBwLABymrKncLH
fadg0_sx109,KyJBwOLMkwDJLHIwywEvrbnbELABFBaDcJLMyLHMJBFLH
fadg0_sx199,TcnDLKiwBLkIrwDKOmwcQhGSIGsmwLAJLhFKrLMwLAwDLMsLzwJLkMkwUyUnwDUJ
fadg0_sx19,cBwPwCwDcnCDJFQSnrLAwDatwDLhytBwcDUwyE
fadg0_sx289,SnwlrLHIywNJLAcBaKwUrLQrwrIrTyJtBwcDJybmB
fadg0_sx379,HbDLuwDQLJLMIgILmywyESBSBcJDUaDLNnrUJLMsUJ
faks0_si1573,vwUJLAbLMkcDEScUJLMswDcDvbLurLkwDwUJLHhyPmwtBLhOPFLMJLSaIrSaIDwDKiKbaLhy
faks0_si2203,lwQIyUJcnwUJtIrlwJLMkagagLQJyEDELkAtBPBwKLDgeFB
faks0_si943,HIrLkacLAKwDwnwDClBsystaBtaILhBFSFSnwnLAJLHlwLMsKwDLUJ
faks0_sx133,lHyLJrIywUJarILAwDELDClyDETwDtrwLASwLABacacDLKiKiJ
faks0_sx223,HBOLlcLhOLiMrLhaSaLMsLhBGBGcDClwLurIrIagaKJU
faks0_sx313,khIaLtgaLiJtaICJwDlcLhaLAJLHcBtaIyLuFnBFBege
faks0_sx403,vrSaILkIFLHLADJnJcQFBSCFDByJLArLMJDwcDELhBgaeQJwJ
faks0_sx43,bnBLmlrIrByLHyLHBaIrIatcDwLAJLABPLkwLk
fcal1_si1403,wcBSaeBSsUlNtbDLkwLlwLHsKwDJgLAwLABLhBgDnwJLCbDmnbntnJwLJnBt
fcal1_si2033,lSOLhwLABaJBFKsDLkwNLNHrFBSswnJLMaGywBgLlswnwnJ
fcal1_si773,BnmaBLHIaLznLAJLMIgJBFaBytrJnQIrBLkbsbnsUJUJ
fcal1_sx143,lwJbeDLkwLzwDwtQtrULhkTyLBJLAuwrIrlkwbwbDBcBeFgF
fcal1_sx233,vHgSsywDtIySsCyDlwJwsbsDLlknbwsbsEDED
fcal1_sx323,lwtgaLHrQnDnwlLknDLtrCrIgQwEDaDLMgcgcgCD
fcal1_sx413,lkbnbtNLDyUJLSymwJUJLDsymcLHGDLJLAuaIrtLDCbLiLMrJLArnrLM
fcal1_sx53,yQwDwJwLhHBFQwLAbLhTywBynIrysLAwDLMsDJwnCDLhBUJ
fcmh0_si1454,acIwLzDBIcBsyLlcCsDLMgLiKTPUJLMSrQhnIywJLAacCLHwUwKwDUctQLHaByTyncnJLMirUJ
fcmh0_si2084,SBcmcwLhbebmwLMyInPwCDLksbCD
fcmh0_si824,JnQhBtrCUnrCrsnsLiKwDLkgUwEwbnDUgDLHInLHrsKwDLUNMIrIPNtQHyLDCnDywtQtbLKiKrwUJ
fcmh0_sx104,vyJLMkawFaBncLkgDCLtrcClcLhsLur
fcmh0_sx14,hytaIrNlnrULMwUwLUbebCDrLIyQyTPbnQIytaICywcBac
fcmh0_sx194,lsywDLzGsgscwSnDageagLkwKwD
fcmh0_sx284,zntLMayTyPaILuTPLkwDtQtsLQhrcLhcwJwnDLzwtTPLziLHIrLizwJ
fcmh0_sx374,zaDEDLAByDULKnBtwKtaIBwlQwED
fdac1_si1474,vegacbJLAyTybaebecEgDCbDvyUJbLhBwQNLCagaLkwJLMbsyUJLJUJ
fdac1_si2104,vavgvgagvytJNeagaLHsLkBgbKJLkwQGSacnJsysyLbDLBgbJLM
fdac1_si844,tQlegagagUDJLMbLDnLAaFBncQtwKwDUJsywUJwLisyQLMLbLMyswLAJLHbCDLMJcnQCbLiKaPaBaBLsLAJLHhnenIywDLHMJ
fdac1_sx124,gaLzwLAJLCsmwLHTyPyBPmrIaILhyPBPmctaBaB
fdac1_sx214,lncCaDwEDLkwBgacDlwnwJLHhgbLkmkwcSbnbLuBnJnDCDLkMwkLwDlwJgcaD
fdac1_sx304,iyLHMJLMkegbLAMyEwUJLCIbaegacDlctIrnbwJLMgCDQlnbSChaGacacDk
fdac1_sx34,keFneBeFEDLkPLiKgegabBysyJLMusmyLkwKwDJ
fdac1_sx394,AbebebeBJybwCsLAJLChaFDUJwDLMyUJLMuIaDE
fdhc0_si1559,lkwKPcByQyUwcwLHIaLAJwCsmwLkScwOmySwJtyByESwNlkMwDwCJnBt
fdhc0_si2189,TyJaeclwcCBaBSyUJLMwLunclrwLlkFUJywrUJUJ
fdhc0_si929,lhnwLzkJnLiLAsJwUSnrnrIywDlcLHbebgbabJLMJbnDTPKPB
fdhc0_sx119,lwCwJLABFScwUIyLMIbLMwOLSwNlwDcLHFaBwLzyE
fdhc0_sx209,CgLABFLAcBwLklwLhnLkzrCSBSaBwNLAIsysaegcgDJUJ
fdhc0_sx299,KysysCDyELMIysCwUwcLHaLHTywBrgmwCcDvFaBwcSyED
fdhc0_sx29,vnBLHLuIsnwLMwLHwLAwcLHlbnLAwQLHwLMsmwFcFCcQUJ
fdhc0_sx389,lhlsBcDmwLhwEyvebeJwDlncwIrCFLAncnDLMIyJgLk
fdms0_si1218,HFcBcLJCaSaIrBFQrLMcPSnBcEvTyPCwDLHbKDUJ
fdms0_si1502,TwSwUDgLUbabgLAByDLHAbmDwLAkvHvsLusQtLSsgLMyLhwLHsLAwLDeaLzwJwLHMAHnr
fdms0_si1848,SyLAwDLkegLiJyPTPQSIyLADEDkgagBgLAuIwBLHyLHB
fdms0_sx138,lwLABwcDUwLAvnJLCDCrJLHhkwBUJwcDwLAJLlLMhwDUwcQtQLHrtvyTwCD
fdms0_sx228,lkwQvyPLHGDLDLFBFQrBlBcOLNywnFDKD
fdms0_sx318,HByULkMkwLCacaDLHwLMsmwUcLhytBctIaJLM
fdms0_sx408,gLkIgcaILlwJcLhSngGLlhHlnwDbCDvbQwDLMwDctLisyDLz
fdms0_sx48,uIcDlEDclreDCLuAuIPvrIrbLHIwEDywDLHvHsDwyLAbnDLJUJ
fdrw0_si1283,lwQywEwDwKnBLlMknlwQsmyTFbLMPwQwymyctaBebeabaLMwLAsUQIbLHlcQBynLMtgaIrJLM
fdrw0_si1423,hbeLkagDvyLkukgamcbLMwLhBecgBFBFB
fdrw0_si653,KnwByQlmwJwUncIyaebeBgmySyTaBwLDaeaBwGLziJ
fdrw0_sx113,bnwDCcnJLATwBnvebaLkwCwPDLwULuyOwLktIyTwLhbaeatLALM
fdrw0_sx203,lwLAagagUSBsybwbDLlkwLmwLhIcLHBsyLbnLlwKwBagc
fdrw0_sx23,lFUCDCyUwKwDUvMaCwDagUDCaDlmcBwcJBsy
fdrw0_sx293,HByJLMsLlklwULMrmyLMnsnLHcLABgaLMwlwLABDyDnwnUJUtwCsysy
fdrw0_sx383,lwLAaLHwLABIyDnwKbCLHPwmeaFeGBFaIwyvbDcBSIaeagLk
fedw0_si1084,khnLlsyCESBwEDLDCsLhyLhkctaICsgsKwnDLraFaeclQsKsLtIaFBLtSwysLiLcbeaLlswKisLMJyQat
fedw0_si1653,vysyJLhaeaFBFBLuAJFPlnbwEDBsy
fedw0_si1714,vAvwnIrUJLSIcBQCPBcacacaLALScOLDaDlCcBysJLMnLhHhysbybynbD
fedw0_sx184,lsLAbLJLCyETyaeaBaBLaBSGsJUvrIysLMJLCgLTyTwywrUJ
fedw0_sx274,ABwnctLScJwFPQUNLhaLkwcBQBcLKiTwrIywJLDctJaLiz
fedw0_sx364,yLzbcDLMegaDCBysywbwbsELAaeaBCBaJLAcFBFBGDJgmwLSLSwLlcLhIrsLkbeDkcQsKvymwEDEJwJLMcCLHvFBGagLM
fedw0_sx4,zbsDCsgswnIwsEDECaICgDyLheSaILAuwLDvFaBaILMk
fedw0_sx94,DyeaeDEAuJLMirwJBcaeBaLQLAaCcDELAbDLDyswbswUJLMIyLMJ
felc0_si1386,wDSswLzizKLDwLuFKysKwDCDUJlywDLkwJLMIyLhaILAwDUJUJwUywTPDwDLhSclwcJwDLucByTwDTwD
felc0_si2016,vyQBFaDFUIFLHJLlcLhFLMJLAacCcDJLMkecaeaeLAr
felc0_si756,CwLMwrIrywywBUJLJrIwCwLCaBSBwELABbsyLSInLkSgGgLkLSaILhlct
felc0_sx126,aImcwNQtwKBcDLMnBcLzwDJwJUJtrIyBFB
felc0_sx216,lcJLCaBLhGLHOcLlMcSaIrCcDvFOcLAr
felc0_sx306,cLiPFUDtJNUvTPSBLhyLAcCDLzwnDrerBUJ
felc0_sx36,FDBywLkwcCFBJLMwLAaBCLHBwcKJUaImcJcLMsnswDLHaLHwBnIrmy
felc0_sx396,lwctwKLhHwLuwnDLMPcSByLHInwDLMwLABywcbDcUJrQtcJcQlcJLCaFaFBbsbsngLAk
fgjd0_si1179,vSgcLiKclyUwQtsnLAJLlhy
fgjd0_si549,lsyUJLHIFLuIrwDUwDLMwJgUlNwywLAJnLMwDJUJcQLhgIrsKBLAgBbJLIPrDCULHyUJLtBacBy
fgjd0_si818,hFDCDUJUJswELAarILBwnwLzLMIsynwDULCwLMHaIGIBsyLwDLMAwPwCDLMPwPIwtBnLlwcaBLiwJcaDwLAJwLDFBUJ
fgjd0_sx189,kwJLMirGsnQIytageIwBsmwLMwCIbegaLkswnLJU
fgjd0_sx279,bebeBJwUwcLkhwBcBLMyLzMPSrILASwNLMkcnJwLHrQChsKwDwUDFBSaSarIrlBy
fgjd0_sx369,hagaLHsLHrLmuFQrwlUlcBwCQyIyEIrPrClywrBUJUJ
fgjd0_sx99,CwmyQLhBJwcJgbLmySwUJLHsJLMrDvgraILAyUJU
fgjd0_sx9,vSwnrSIryTyTPQtQSaBSySrcSsy
fjem0_si1264,lywnbDLUMwUaBLMDwDsLkSwcNJtJgcaDEDLurarJUJLHFLHAwDQtQtrULlJSPDPwU
fjem0_si1894,gntaclrnQrIybDTvywCDCagatQvHATwrJwLANlyTPwrwUwLuecFBF
fjem0_si634,vywrvyPyTwUJLASgLHrJLSsNJtwQByPyQLlwQnIyEwCDLhagagmwCwnsDmwcwQDCyDnwtwDJtBgDcDQJ
fjem0_sx184,lwLAbLJLCbyeaBSeGJUJNLvrLNJULJCgagyTPbDCUJUJ
fjem0_sx274,ABwctBSwJyPNLhglmcBwOLAKTrIywtJLCctJagagagKwKJ
fjem0_sx364,yLzcDLMHgCDBysywELAcCBagatJLAFwcDJgmwLSwNlcwLHhIsLkegeaDgcbQwsvymywEDJwJLMwCLHagr
fjem0_sx4,zsyDCsLArIrwrCaICgDyLhgSrLAuwEDCcvCgagr
fjem0_sx94,TcCEJLMrUJUtBcBcQLAaCwDLMvAbDLkynbnUJLiMKIyLMJ
fjlm0_si1043,CDacJcLHIbabUwECIByLlwUJwLHIFeFLiJLkwLDeaeSgrLA
fjlm0_si1673,ScwEDLNsELAvyNLMagaLDcLhgcmysDeFUcLhbmwyTyTnbn
fjlm0_si2303,wDKaILnDLMwLhaIwDaILhrBtJtIsUJLJBgbgKJLMywsyswCLhr
fjlm0_sx143,lwJPnbeDLkwLzwDrtrULHTyTyLuBUJLunrLkwvsbDcBcaFgB
fjlm0_sx233,vHegeSsTywDtIySsEDCyDElcJgsgCEDCLMgbPbsE
fjlm0_sx323,lctaeBLHIrQUywDwLklywCLtrCrIeaQwEDaDLMgcgceaeC
fjlm0_sx413,lbnbntLNDyJLSywKLDymBLHGBSwLMJLAagaItLCbLiJLMrJLAur
fjlm0_sx53,sylQwDwJwCLHBQlhBOLAbnLhTywBnIysLAwDLMsDEDUJwCBUJ
fjmg0_si1181,HIaLHrByTyULMwLHInUwcwCLhFcLAMLwUnwDbDLAJBGbwDLwDUJLMPCnDLnQwDBgDCsnbLD
fjmg0_si1811,HIbnUJwDBsTvwULSagamrLhIbnlmrJnLhIbnbJLlBcJBy
fjmg0_si551,swUJwCbLlnIrnbclnDcaLMwJLMyLivegaBLkwnLtaBeBLMAM
fjmg0_sx101,AuwDLkPICaILDJKiKnBFcLkuIwnDLknLArIrsgLklnrLABgbJKNMInbCDJUJtIraBvaBacLksbsyJ
fjmg0_sx11,vySnwnBFBUeAcBgebgeaIsbnIrIrBgLr
fjmg0_sx191,SwNJLkIavaBtaDyvbLAyUJsKwDJnwLSgaDLMJ
fjmg0_sx281,AaIyELMIsKzKJLHBsgLMbLuSwNtLhyLiLHhaBJtregagrJUJLMA
fjmg0_sx371,IagDEbeaDCsDaLhylwLhbnJLAMeveaDCDtrLhwUDnwJLCraILzrUJUJ
fjsj0_si1484,lnIraBUFBScgDwJLMUJyLArUnbtLMrLMIsyPUNUJ
fjsj0_si2114,JLMsLhysKzKDcwUnLDClDvcBnwCysbncbLlFULkgUJUJ
fjsj0_si854,TwDLArLzwCDLkMkwnbnLJKwUgULNlnrLhnDwtwnDLJU
fjsj0_sx134,vwUwCIsnwDLzbDTyPrIswrDgJUJLCgncwnDLJLkwJLHhwnwDkwDCgbDCy
fjsj0_sx224,vagLuwDLDUTrLzrnDLJMUJ
fjsj0_sx314,wJNLHhyLHhBSrCaILznDrInULNJnsSwLhyEDEDnFDeFDyLtaISnBtnr
fjsj0_sx404,haILhrLHsLQHIwByPUwmwLhwLhcacgDCLQtQBbgr
fjsj0_sx44,lbnbULAMwcLhaLALhywDwnrLMsDywsELuAJLHaIrLMA
fkms0_si1490,HIvbncLHJwLScUIgLMLHArvbLHJwLScwJLMzcabJLM
fkms0_si2120,vyLHBagUJLMLlnDbmwLkLnQIrwPyNtNnEDgcgwKwnLwUcSnLHcD
fkms0_si860,lkyUwDLtAHtBPLkLlByQUJwQbLUJDUJwUJLlcFwcBwJwUJLJnBcDBsnaBtNJ
fkms0_sx140,bnbnbLurLABLMIcBLHIgaILAJaILrLrcDyvyQwDBysyLkwJLMrOLQhwLmw
fkms0_sx230,cBegBySsyvwrLhcnLIsKJLBcBagULaBnrUJUJ
fkms0_sx320,lwDwrJwDwLuagaLuAwCsEDaLHhySwNtwDcSaLAwywDLkwJLMwDLUJ
fkms0_sx410,IuInwLhgUJtInKLCDnwnBLAyLizLSyLukhuwsCaIDwEC
fkms0_sx50,AbcnbmcwJLMiIatwLALnLtQcwDaeaCwLAcLHhbLAJLDwLuBnLlcLHBaIr
fmah0_si1289,ctBbsCDSISOwLkuTyUJncLMHbsnarnr
fmah0_si1919,snsnQIwyCsPwQDCwKJvJKyCsJyCELklQnDCDnwnUJUJcwNJnrIBywECDFGUy
fmah0_si659,vyUJwswUJLMIywUvJwUcBeFeFDCDLTysnmyLziMLCsEClwcJKIcnLAwLDeBJwUbnBeDvyJUJLMIyvEwswDnwn
fmah0_sx119,lwCwJLABgeGgeSBwUJIPLAMIbLAwLkQSwNtNMywDwLHaBcLzy
fmah0_sx209,CgLABLAacBaILhlwLhsnbsQLkQIwCBaBSwNLAIsgysaFDUJ
fmah0_sx299,JKbgswImwELAIsyCwUcwLHaLHwmUrIragmcCFcDveBcBSyECD
fmah0_sx29,vbLuIsLkwLHsLAwLHsgLAwQLHlwLMsmwbgwUJ
fmah0_sx389,hlsyceDrLhwysLAebaJwDTwrIwyCFLAnDLMtyJgagLk
fmgd0_si1564,vgcnULhwDLuIyScULhbeDwLhgJLDsLuInbnBtbDUwUbDLlnrSrLuIsUwELAbmB
fmgd0_si2194,vynLtagBbgbwnDLMPwJactLzTaLbwnDCDemwLzTaLhScULuBFacDwDTvyIScwJLMIbnbDLkwsw
fmgd0_si934,cwNraITmyJsLlLHnmnFBFBJLMwrnrUaIrsLtHtIgDLMaILmykwnw
fmgd0_sx124,gaLzwLAJLDCsmkwtQLHATPywraILhTPlmlwctB
fmgd0_sx214,lwcCaGIDEwEDLkyPyPacDlcwJLhgrSnLhuBwJwDLkwDlwJcgcgcD
fmgd0_sx304,iyLziJLMkegeaLAwEtIcaDlcwtrJLMagaDCDlnrSaID
fmgd0_sx34,kecDCLkPLirbBysyJLMrmyLkwKywUJ
fmgd0_sx394,AeBJyCsLAJLhFDCDUJUwDLMyLJLMIaC
fmld0_si2185,KyJwLirarILAJnQLQhDFBLhaFcDUwDKizKInDLMJLSBbeDLhbLASr
fmld0_si822,lhwFBLHrLkcnLAKwDCsLhywELAIyJLHhgcImybDCLHsbDLkQtnLMwLHIbaILtLHtQHrIyUJwLlwJLMIrcrLk
fmld0_si925,cvCyCDUwDLAcJLMwLkywULSgLMwLhaIJLMwrCD
fmld0_sx115,lywCBcBDLkwLMHwLAJLlNwLAIaLHBwcwJUJUaSBcLuFPnFB
fmld0_sx205,lcBwLMnrLHrJDebnBeBarLAJLHnLMwLMPBFBLhsLucLQhrmrwDaImrUJ
fmld0_sx25,SahFBFCEByBGgrJBncQCsBywDrUJ
fmld0_sx295,wtLAwrIFLAcCDJLMcCSagaBFvbnQhrIsysDLziUtrCymyEnwDLMPC
fmld0_sx385,vwJKBLkrtNnBLkcwUwtwLaSrLhIFLAwDLD
fmml0_si1040,CDaGgIlwEDwPIrPwUwDLkebFnbBcLzcLUAwDwDCwLAJLMiIswDByDLkbysDLzrwJBgncLiKrIy
fmml0_si1670,HbabLDFLhwULDwJvbFQIwvwnwrLagDacJLMsLAebaLwDCTySBbywsy
fmml0_si2300,CcCclnrnISwULwcJgLmrJnBtSwLAnrwIyacbaJwmy
fmml0_sx140,vnmrLAcFBLiMKIrIrFBLHIamrnLAJarIrbncgCDCyCwDBywLkwcJLMiwLhymw
fmml0_sx230,cBaeaeBcByPsvnwrLhcwLIbKDMaIgUvaBeavngnrJU
fmml0_sx320,lwDTwnIwJwDwLukgeaLCsnwyEDaLhySwlQwDSBSaLAwEDLkwJLMcDLMJ
fmml0_sx410,uInswLhgJUtrInKLCDeaeDLAyLiLSyLkMkbsCaGIDwyE
fmml0_sx50,AemFcJLMAIabtwLAnLAwDcaCwLAHMcnMLbLAJLCwLuFIBgnLlcLHBarIr
fnlp0_si1308,wDLkysymywmwUJLHaJcLhOBLMwJncLHNPcICsnsLyBgcbgLMiMiaDLHnrICsbwEDbnbnbDsDLtcQDPwsLAuBywrcQtbnbLJ
fnlp0_si1938,tlBagmwLQLBSwDLkFcUJLAuBnFcnLziwBFLhHhgLlMPLlwLkbebCLHBGaBr
fnlp0_si678,JtJnBQsgnsgsJwDCIyLAwDJwnLmkrnrLk
fnlp0_sx138,lwLABcCDUyLAvAncJLMJwCrJLMHwBFNJcCwyJLMwDLDJUwQLHrtKTyPbDCD
fnlp0_sx228,lcQLQzTyPLHBGgGELcFQrBncgnLlyncbFDKJUJKLvDwPD
fnlp0_sx318,HBsJLMwswLCcCLHlwLMsnsmncUncLhctaIrtIgaeDaJLMJ
fnlp0_sx408,acLkIQaeaecLlwJcLHBsLhlHhnmbgcvbcQnwDwyDcQLiKnsyCEDLMUJzKUz
fnlp0_sx48,uISIwnbCclwPeLuOPvrececLhIswEwyDEwCDCLvnmwyLAbnFnLkJ
fnmr0_si1399,lwcJwcwJgsmyIwBywLuUwJLMLwbnbUJUJwLnbnDLMwLMysFQrIDcwCLhecFQlwnwLuSBaICrIgsKwDcCbnbDCD
fnmr0_si2029,wsEDcFLMvcQaLAsbnsDCwnDLMwPvwUtQaGsJ
fnmr0_si769,MJFmlFcJgLzMwLkIgsScNtBwmaDzKUJKrLrLhaFBFe
fnmr0_sx139,lwLhcELucBFBScUJULHBnJcDBwyJwLiPSsmwLDnlwKzar
fnmr0_sx229,gTwywBOcLAwEtaICLHBgGgCwnDLMzUJ
fnmr0_sx319,cLhwLuFLMLgLkcBysyLAbCLCBFBLktNIwrlwtagCyaILD
fnmr0_sx409,yLAwEJLHwCwsDLziziLCgsLBywsyDELAIyJwJLMIrwEtQLQICrInbLATwPFcJBy
fnmr0_sx49,lwLMSagIBgLAarcCDCcDLMSaQtLMlLMksLyLSwOcCvbLtKwcLhBy
fpas0_si1272,vBnQIrLiMrynbnbJLMJIrtwFnUwLAJ
fpas0_si2204,HIrmyJPSaICwLAvTwCQDCSBaBSaIagDLAnIwmDwtBLlBnbnCLhIcFcBFcUcBSaLAwDJNLlJwLA
fpas0_si944,wUlvctaICcwUInDLMwLlrcIbnwgCcJLhyLHbsbsLky
fpas0_sx134,kwUJwCLhrIrwDLzGncnDTEDInrDCgJLCcDLJLUJwJLHncnDwCgbCy
fpas0_sx224,vHOcBLuPwmwUrwrIwDLkrwDLUJUJ
fpas0_sx314,swywNtLMlkyLhHcaIrCaILzIcDrUJlNrLhywEDFeFDyLktIrSnBtnrC
fpas0_sx404,haILhrDLHsLHIrDcByUwDcwLhwLhaDCtQtagar
fpas0_sx44,hcbUJLAwLhaFBLAwDLhywDnDLMzwLMisyDywEUJLHharIr
fpkt0_si1538,lwLAnIrLzLAIcDzKLhgwgsLJLMwCBgDLMzitlwFLMIwDELNkPlwLuBPCD
fpkt0_si2168,lsCsLAucnJLADtaIClcwJBOLuOn
fpkt0_si908,SyFBSwGJlnFBSySwLkgQScNarILhPLkJcaD
fpkt0_sx188,vPSaNtLMNcIgUNvywDBwCwmwmwLAJLHnwUJwLAeD
fpkt0_sx278,MwtrlrTvywUJLHIrJLMyLiMKyPLAsKDwyIyUlcSaBUJLMIywyLzrDcB
fpkt0_sx368,BaIGyULAaJLMPDymwLhBgbgLuBcFUwLhyLAcDCLHByBynBwcLukn
fpkt0_sx8,SgTynBrSaIyFQrJnwBygLkwDJUJ
fpkt0_sx98,unJLlwLASnGnKwDtIcDybDLMJr
frew0_si1030,hIyChSCyLlwtrgaILAuIbLArUJ
frew0_si1280,lwJKiTznBLMrJKaceESwLkQHrQgmaFBCSBUMbnbLJUJBywLtaBneceLHtrLMnLAKwPLD
frew0_si1910,vyBwPQLkwDLhIyLtrwlcCgDwELAcbcQCLHNcwDy
frew0_sx110,lcLhnUJLSwnmBcBrDmwUJLMJlcJaBlQwrnwLAJLMIrLHIaLhBcCDCLUJUJ
frew0_sx200,IeatLADLkMHIcBLlcUJLMcaLhSaLMitLKDlcLhIByLirLrwUJ
frew0_sx20,JKiPSacBSaIDCDtByUJywySBcDFQrIrBUJ
frew0_sx290,lwJLHrIFKrULMwcLMwPwLuATzrBywDCLHaICwLMwQtSrLHIrJLHMlnLMkywLQLhgr
frew0_sx380,SgLiMIaILzCcmDytIrUwLiLuaILhswLzUJ
fsem0_si1198,vwUvagDUJLHhFgagIwsE
fsem0_si1828,bgbgKJByQNQwsJnLDLTvyLkwLkJBsyLhFnwLJcKaIrBywDtwQtHByQlmncTvTytIrLkhagab
fsem0_si568,bebIgTswUwLAbKBJLMJavEDwDlcLAIcbKzLMkcUcDECBgDESBSgaLBnbcNLNcar
fsem0_sx118,AcCLCgDamwELuIsrmwnbDLMUJrwDrcBaILMLhFaFB
fsem0_sx208,IaDJbLhgcIlcLHcaDwnDLJLMuwnwLJLlwJLMIsLuMyUJ
fsem0_sx28,lHsLhswLkaILktPcScDLkeaDcQLMubeabcJ
fsem0_sx298,gagcLkInclcDaCLhglyKPsyUJtJwDLhyBFQIrLiaILHMHJLJMUJ
fsem0_sx388,vrIgLkvbDLnbsLMJLSwcDnQrIPwrLlwcLhIrnrCncLMIrwLHInKrLisDLzwUJUJ
majc0_si1946,lcIBcJBcDCLHIaLhBcCScULhgDFBCyDJaBatLM
majc0_si2095,CgLkbnLkwmwLDvyBlwQLMPOPrLuIrsmsLzKiz
majc0_si835,JswnBULCcDLiKiKwLHlwJLMwBLCDnJwJnIyLlhcwmwLJMwLkwtrDLhIsbDLkwQJswBUCDwDLiKw
majc0_sx115,lynwnChBcCDLkwLHAwLMJyLAIaLHcBnJUaBcLuBcFB
majc0_sx205,lwBlcLMnIywsLHrJDebBaILAJLHnLMwLMPFLhbsbsLuFcQrCwDaImrUJ
majc0_sx25,aFDBysDBGgrUBFcQCDCDFBywDrJ
majc0_sx295,wtQLAbnrIrFBLAcCUJLMcCaIgaFeBFLvbnQrIsnsDKiUtrCymwEwLMP
majc0_sx385,vywKnwFBLkrtnBLHcLnUwtwLSLaSrILhrIFLAwD
mbdg0_si1463,SwLAbDvcSnQrICbLAJwcCgJwLJwLAJLMHnLMlwLkQkbgBbBTP
mbdg0_si2093,vyPlnDatrLAvwUFaPFDbJLMwCDlwncmDclcSnlrLSwLiScwUJULUcDwDLkwDwUybJLMwywy
mbdg0_si833,BnJLHrIKJKwDwcDBJnBULCwDKwnc
mbdg0_sx113,cCcJLAMwmarnbLkwCnwDwUJLAuOwLktwLrLhbLA
mbdg0_sx203,lwLAaUSywDLkwmwLhIcLHBywLNlcwKaIr
mbdg0_sx23,lcULCTPUwKwDUJUvtaICcDCagULCaILQBcBcUJLBy
mbdg0_sx293,HBysyJKUzLMsLuAlwJLMrmyLMsLhBLABatLlMlwclwLAByDETrUKtrCy
mbdg0_sx383,lwLAaILHwLAByDrKwnbCLHBPLmukuaIrIaIywDBaIca
mbns0_si1220,lsaJFBScDCcDyLHInJLMyKwDUwLATrLkUy
mbns0_si1850,lcLuOwLDCaIFLMywTPCgagaLhGsywysr
mbns0_si590,hHIrLzwUJLMcnDBUcDCDtnIrwswUaclcCFJLAaCcDCncNlMwLUlcQIPrQrLAIaJwELUJ
mbns0_sx140,snLurLAcBLiMIrIBLHIaDcLAJaIrcacDyQwDByLkwJLMIPLhwLMw
mbns0_sx230,cBeaBySsvwrLhcLIbKDcSBSgUaBnrUJUJ
mbns0_sx320,lwDwrJwDwLuagagLCsEDaLhyScwNMwDCSaLAywELkwJLMwDLJUJ
mbns0_sx410,uInLhagUtInKLDFwnFwBLAyLiLSyLlksCaIDwE
mbns0_sx50,AnmwJLMIatwsLAyLAwDaCwLAcLhbLAJLCDlwLuBnLlcLHcBSr
mbpm0_si1577,hIeDagUgLhIbeBCcJLMbKiz
mbpm0_si1584,InLMrUaBtwCLiATrIywJUatNtwDLMcnCLMwLkbnJLASnKJLMiDULHlhcwmyDnQrLkwn
mbpm0_si947,tTPIrBrIrywUrLHrLMnLMwLhcUcDwEC
mbpm0_sx137,MrLkwKwDrLASgrUJLHtIcnDBcOLHIPQBtIcDLkrsLzLCnrIrILz
mbpm0_sx227,wLJMnBtNtJwrLkwLAOwcLASwNQteacLiKrLQLr
mbpm0_sx317,lwLAInDLhIsLhaLkwLMJNCQrIsLHrmywDamcC
mbpm0_sx407,BbtLMbnDLMJDJswEwtaILKiKDwCDJLBegBUcLHcDTwP
mbpm0_sx47,CaCUJLMacEDBwLkwJBgLAJnbLHcLMgUrUJUJ
mbwm0_si1304,vwPSwUwLAJLhFPUJLMPcvagaLhcBaJlLhyLubnbnbKLinw
mbwm0_si1934,SsmcBPFcSagB
mbwm0_si674,lwJwJLDwrFwJLHnLHsmrLAHcFOwnLHwLAJLHwIrwywDLMJLNlnQIyScDwUJLMcLhywLHcLAMwJLHwD
mbwm0_sx134,lkwJwCLhrwDLzsbDySnrnrDgJLCFcDJLMLcJLHnDLkwDCgbCy
mbwm0_sx224,vbcLhwPmywKrwrDLkrwrDLMJ
mbwm0_sx314,HyLHBcSaICaILznDrwKJKJlJrLhywCDPFPDysLktcSnBtr
mbwm0_sx404,haILhrDCLHsLHrwDByLQJwDcwcLhwLhacDtagr
mbwm0_sx44,lhnbJLAwLHaFLAwDLhywDwPrLAsDCwEJLHaI
mcmj0_si1094,CDCnbnrLAwDEwJLMwLHryQTyPrQrQUJULCSgLMwLAIaBmaBwgUJLMsULDCDyFGBngJLMwLA
mcmj0_si464,lhwLHIaJLHMbnLMrQLAacnmwELhbLAJLHnDwDEwEDLvDwUDrnrDLMagUwDSacDtIrbnDwLuacQrDr
mcmj0_si602,hlwLlkMHlwKwLMHJrQrIrwyrJNJtbaeFDbeSIrDwbewrCSIwyLkeaceCLunDLJwrCsywJnQarUnDwCaIrIr
mcmj0_sx104,vwJLMkFaFacLkagCDtrCcLhnbnLr
mcmj0_sx14,wtaILlMnrUlnsbwUwLuUbCIyQTyTPrnQIytaICDr
mcmj0_sx194,DCswDLzaGIswnsILCScrDgrILkrwUKwD
mcmj0_sx284,zbntLNHNraImyTPaITwPmwEDtnsQrIbnQrJwnDLMrtHATrLzLHrLiDJUJ
mcmj0_sx374,zaIDCDCLAIysDULKatrnrKtrIcrCrIwQwrD
mcsh0_si1549,TaBFKwOmcQBncLCyLkwPBcwLM
mcsh0_si2179,CgCclrDnQrSaLHAJLCy
mcsh0_si919,gaLlywJKJKBGBylwLhIgLmBLHsnrvbUCwDynwLzcnJLCcLizizLMwCsLMPlnrDPJwLizaPSsKwD
mcsh0_sx109,vKyJKJBwLhLkwDJLHhIsyDEvrsELAFBaBFaFBDlcJLhMyLHJKJLBSBFLHLc
mcsh0_sx199,TcECDLKiKwBFQurDKOwOmcQCGsmyLAJLHhFKrLMPLAwDLMsLzwJLkwUyUrwUJUJ
mcsh0_sx19,cBSBPFCcmDcCJBFQrSnrLAwnDGatcDLhytBwnwCUwy
mcsh0_sx289,SnlrLHrIPtLucBgbaKPwPwPwUrQrywTPJULtBFBGSBcwDJybemBcB
mcsh0_sx379,HsbCDLuywQUJULukIgQyEBSBbnJDUaDtNrULkyUJM
mdab0_si1039,vyvTycnUDnQrvwCDJnBLtLMcmsyvsytBFLSwcLiKLMiLhyvsmwLHLScILiwQcJvJtnbngcJ
mdab0_si1669,lwsLJLJgscgmwOLkwDLkFaQcLklwmDwtgrwJnBtJ
mdab0_si2299,JcCLMvbgUJyLAMaGaUJgmwBScNLtBSbngtgaBcwGUJLHywyEwvFCBEC
mdab0_sx139,lcLhcgcDLucBFBFBaJLHBcFcJUBwsJwLiSwmwLkwQlwKaIr
mdab0_sx229,gcgsyBvyQtaBFDCLHtHGDlCcLM
mdab0_sx319,lswLHhwLuwBFLagmFcBysywnsLhBLMwlwtaIyaILkM
mdab0_sx409,ymyEPJLHwmnLiJzLDsBysysLAIyJwJLMIswNIgcbLKiBOPFwJBy
mdab0_sx49,bLMSgBwgLMcCcJLtatLlNMlsSBPFBvbcFKcLhBy
mdlf0_si1583,tIrScDJULIbmwLABSwUcCScUrInLAcCwDLksKwDCD
mdlf0_si2213,JcCLhcmySwNQDFQBgJwUJ
mdlf0_si953,vwJLMaIwDUwQvbnLMPIyUwDUtrLHIrJwJLMyEDJFSaEwDlnrDLQCIwnJLMwLuwsKwDCLJUJ
mdlf0_sx143,lcJbeDlDcQLzwDrtrIwrULhTPBJLAuwrLhlhybCDLMcFSB
mdlf0_sx233,veSsGsbDtIyPswCyDlwcJsCDtNJbwEDE
mdlf0_sx323,lctaLHIrQInDwDLknwCDtIrCgcFIgQyDaDLMgC
mdlf0_sx413,kbtNyJLSymywyKLDymBLHGDJLuaIrtCbLiLMrJLAr
mdlf0_sx53,TyTyQwDwJcCLhBcQhBLAbnrmIrwBrnIyLAwDLMsyCDUJUJLJcChBUJUJ
mdls0_si1628,lwJUJLCgvbwnDBnsLzrvywDCDtacCDLMvwnswCwDmwDmcQUGaILHkSBSsy
mdls0_si2258,TPnwDcQvCvarIySaImTyBPBF
mdls0_si998,TnLNsNIgQLtNUaDmcwn
mdls0_sx188,vPcBSaNlNrIgUJyTcBcDBwCwmDwnmlmwLAJLHnDJwLAe
mdls0_sx278,kMwtFclrsULHnJLMyLziKyLAsKSByIyLkJlcSaBJLMtyLzcaIrmB
mdls0_sx368,SBGsJLAaJLMPwQDymwLhBbgLuBcFJLMLhyLACLHByBynBwLuLwkDLM
mdls0_sx8,SgTynBFrcSrIsysyBQrJcwBysgmcCLJUJ
mdls0_sx98,uAbnJLlMwLASnJLiwDtcDlybDJr
mdvc0_si2174,aevLKcbmceceLHLvyJnLk
mdvc0_si2196,vcLHrtInKwDlcLhIaLCywULAODLkmDkwDwDLAcCwUCagDScUJwDLMwLhyJLDysULMbnbLMA
mdvc0_si936,cBgDyDEaBlwcLMyJLCsLMsLAywTyTywrIraICaIr
mdvc0_sx126,aImwtwKBaBFBFwDLMnBcLzwDLUJMUwUtrSIywB
mdvc0_sx216,lcJLCaBLhGgLHOcLlcSaICaDlcvHOcOLA
mdvc0_sx306,cLiKnwFUwDtKTPSBLhyLAaDLznDrcnBUJ
mdvc0_sx36,FBDBylcCFBJLMwLAaLHBcwKwUaImwJULcLMsDELHaLHwBnrmy
mdvc0_sx396,lwctwKLHhyLuwnDLMcByLtIbDwLAByaDlcJrtwcJcwcQlwcJLCaBsLAy
mers0_si1019,lhnCDLkPLMPwPQlwLArnDLMIyLSrtrLMPwULHMFLurwcrCLUJ
mers0_si1649,wLJctIrcrCeBamyLTPwDceB
mers0_si497,lwJLHBsGsmwUSBaSBbgbebeDCLHJLlcLHcLHcJLMcBgLlwLiPwBLkrwDLbDLDaraILknLArIwrLkwQbLAJwLc
mers0_sx119,lcwCDwJLAIFLScUIwyPLMIbLMwLkLSwcNcDcLHaBcLzy
mers0_sx209,CgLABLAcBrGILlcLhnLkIrCSaBLScNLAIswbnaeDLUJ
mers0_sx299,KiKsQwELAIsysCDwUwLHaLHhwBrIrcgmcCFacDveBcBSFGysyD
mers0_sx29,vecLuIsLlwcLHwLAwLHbLAcLHlwcLHMHsmcFCLUJ
mers0_sx389,lsbnsyeDwLhwLkveaJLTwDlnwrIrwCFLAcDLMIyJbgsgLk
mgjf0_si1901,cBSrICELIyULHBsmwLAIaJLMwLCPlQwDETEwrIwQrkBgLASsIsrQJUJ
mgjf0_si641,ABnQrBgLMJaCDULtSrIFQrcByLAaGysyEtMIbLzwLJaDEJUcBwmBLMPCnBcLzrCbmwLA
mgjf0_si776,kwDacaLikIgaTaIDLMPLMbgsLKMkz
mgjf0_sx101,AwDrwDLraImDLizFBLzwDLknLArIsLMrLABbKJKrCUtIrIaBvaBcmsJUJ
mgjf0_sx11,vySaBberInIrBg
mgjf0_sx191,SwcNJLMIaFaBaBtcDybLATywUsKDUwSacIDLJ
mgjf0_sx281,AaraIywDLMIwKLHBsLMbLASwNLHhyLiLHaBJtrerIUJ
mgjf0_sx371,IgbELDeaCwDecaLHhylmwLhnJLMgCLtrLhwUDwJLCrLzrUJ
mglb0_si1534,wUwLhywLAucnbcUcCcJBcQcCBCcwnDnJLlcOLkHvnIrLuIFUcCcgKtsJ
mglb0_si2164,MNwLATnrQvwJnBtNlbnb
mglb0_si904,vyLHwIrLmwvwnsLkmywEDELuIbDLkwUrInFrQIrcLkMIbLAJLAwCwDLkwQTyTPcLuwDLhcBFB
mglb0_sx184,lwLAbLJLCyeaeaeaFBSwyJUvrLJLhgTyrUJ
mglb0_sx274,ABwtLScwJPNLhcglmFcBwLzTrIrywULCcJgagagwKz
mglb0_sx364,TyLiznwnDLMgbCywDLAwcCSBaJLAFBFcDJgmwLSwNMcLhIsLkcamDclwvymwEJwJLMcCLHaIwLMk
mglb0_sx4,zsPswyDCswyrDCaICcDywLhHFgsSaILAwEDvaeaILk
mglb0_sx94,TcECJLMJwUBFcFQtLAacCwDLAbnbDLkyPUJLMIyLMJ
mgrt0_si1450,CyLMJLlwIsysKDCLHIavcaJnJwEyEDvnFcQCyLkMvbcUIyJyPLkyLJLMkwnDJMyPyQmQmwDCwJLMwLusKwD
mgrt0_si2080,vyPSPOwLDaLAnIryTywLhIytLAbsJ
mgrt0_si820,hglbnbDLkLScDtyBFUncLbLCsbLkbnDwLtaIJwPcULagrULzwnwDrcnBLAvbUyBnLMrwLABtaIrJwcJUJUJ
mgrt0_sx100,HIacLzwnwLkwQnBcCcDLDHvLScULHtIrUJymyELMwPUJBFBy
mgrt0_sx10,cvgTwrLuAuIsLUvgrarmrBFarIrlcCDCDbnbDJyUJ
mgrt0_sx190,JrwQUwLAFBFBJBavbtKrcbgcawLnbnLQLlkyTyFBGBwGnBFB
mgrt0_sx280,lyFGBsJwJLSBwcUwcCragKz
mgrt0_sx370,lcncDCFGBwUJLHIacBFcCLuIFBFUCaSrIrcDaGFIGBsysEyLiLMknsnswsy
mgwt0_si1539,JKtwJLJLHvacCDCFBLkMbwCbUyJLMbLurLtaIaILkM
mgwt0_si2169,cLiJLMnrUzLhkwUJwtyLiKbFerIrwECgLuIrIyDLkIbaCLHJLHbmrLmrIeDLkvrIPcCDCD
mgwt0_si909,kMAcCLHFaFeBJryIyLMgrCnDLkwLJwLAJLMytgQBcBPcCUaDgabgvraIgUJcwD
mgwt0_sx189,kwJLMIGsnQIytgeIwywBsmwLMcwCgamwnLMJ
mgwt0_sx279,bBwcJwUJcLhwBwLMAyLMPcSrLSwNMaeLHJwOPLHrQNwKwDLtLwUwDFLSarIrlwy
mgwt0_sx369,haLHsLHrLkmuFLtHwlcBwQywyEIwcCDCETwrFBJ
mgwt0_sx99,CymywQcBJwcJgwbmyScwULhsJLMaDvgrnrIbgbILAyUJUJ
mgwt0_sx9,SBvSnwnIrSryBSBgSByISrIFSsy
mjar0_si1988,veUwJLMIsgsLATPBtaBrtsnrC
mjar0_si2247,SyLAMvwJwcDByTrKwnwbCLC
mjar0_si728,HFLiJybLHBUwDwJrcLHNtrLMaBFQUQCnDnDwLJUJLMIswsysDecCwDELAFSOB
mjar0_sx188,vSatNrIgUywbcDCcCwLmwLknLAJLHnDJwLAaFDC
mjar0_sx278,MwtrlrywUJLHrwJLMyKzLvywrPLAsKCBsyIyLJcSaBaBJLMIyLzrDcBFB
mjar0_sx368,laIyJLAagabJLMwCDvDyDkwLhBbgLABcFaFULMwLhyLAcCLHByBynBwLuwnwD
mjar0_sx8,SgTynBrSryFQrJwBysgsmcCUJ
mjar0_sx98,unJwLASGnKwDtIcCybDJrD
mjdh0_si1354,SwNwDcBaILzirJFKiBJwJLMcCEaILlwJLMIcLAMKIFBFDBDJtcacEMKCaFBJcLHJwJLMcCUJ
mjdh0_si1984,wCDScmagJLMlsSar
mjdh0_si724,wLiMwJLMIyCgwEIgtBtbJLMcCDScaFCsLk
mjdh0_sx184,lwLAbLiJLHhyeGFGyJUJvrLiLCgTyrUJ
mjdh0_sx274,lcQtSwKJPQLhcgnQlcBwLiTrIrIyJLCDcJagKz
mjdh0_sx364,yLiMiAnDLMgagaCDCByDELAcCSBaJLAFcDJgmcSwNlcLHhIsyLkeDcCtwvymwyEJwJLMCLHaI
mjdh0_sx4,zsDCsyrIrDCaICgcDyLhagISrILAwEvaILkA
mjdh0_sx94,TDwTcnCDJLMwPUBFcQLAaCDwDLAbDkyTPJLMIyLMJ
mjfc0_si1033,lwtLkaILAsCEDLlksySwLkBPKUvr
mjfc0_si1663,vyNtNnaLvyJaFLHnBtsKUvbnmcSwDLkFB
mjfc0_si2293,lcFUSrJLHnKLBylcScDUwnOmaBclrwLuIcDcQJLBbnbtLMnLkBemwJLM
mjfc0_sx133,HyLiJMPrIywUrarLAwDClQyDEwDtrLASwLALSacDLzKiz
mjfc0_sx223,HSOwcLkcLhBOcLiMrLhBaLMsLhBwDwLurIaLz
mjfc0_sx313,kIacLtgQtaICKzJKwDlcLhaLiLHhctaIryLuFPaFSneB
mjfc0_sx403,vIrSaIrLhuIrIPLADJwJcQSBFDByKJLMArLiJUwDLhBncBJwUJ
mjfc0_sx43,lnFBLkPcwByLHyLhBrIraBtwDwLiJLABPLkw
mjln0_si1449,iytvnwDLMirUJLJMwDIsmLkzTwJLMnIrBFcUsKwPwDIwUgLUwDlwCFBcLMrJrQrJwUJ
mjln0_si2079,lsmDmnwLJBbLlQlsnIrtagUJ
mjln0_si819,lswnrtaIJwUcCSaIrByLDPLDhwDwDcBnwLMIwJwmLkyLnbnDBnJNltwDwDCbECPwNMwUcwDC
mjln0_sx189,kwJLMIaGswnQIytgeIrBsmwLMPwCgamwDLJ
mjln0_sx279,bebeBeBJwPlUwLhwBPOwmByLMcPcSrLAHSwlbebeLJwLHrQywKwDLvwUDFSrIrUwy
mjln0_sx369,haLHsLHrmFQrlkcBQlBwmwyEIPCPyICIwrFBUJ
mjln0_sx99,CwLkyQBJcJgmyScwULHsJLMaDEvgraILAyJ
mjln0_sx9,SwrSrIrTPySncBSBSySrIrSsEyE
mjmp0_si1535,vyLiMiKInDCQBClBnJLMwULHMyKwLktvsB
mjmp0_si1791,TDFcFlcwCbDScUDagaDgDLkMKceDLMHLvySCBScDLkrLkvbgBebyLunbLMbgsLkecLHLSwNJlwJLMIsDLEuKzyKywr
mjmp0_si905,vwUSrLhyTvubDLzwJwLiAJLMsUbtLMwlklwctBgcg
mjmp0_sx185,kvywLzPLhbgysDyLAaImrgsFQrIaeBUJUJ
mjmp0_sx275,JLMyTyQaILhIgsgsLuInbnLAbKUCnrUJLSbsnmr
mjmp0_sx365,lMwLkuknDCwDCLAnLMwUQwLMwCLAvaIDgrLknbLAMnbwCLHGByELAtwJNIyberUJ
mjmp0_sx5,KywJLMnDrlUlnDgCybwC
mjmp0_sx95,vyLuSBgaDnwbUwDbebBwgLuwsmrKUKrLMAIbLHcLAaBIncLMgegBCLBEUJ
mjsw0_si1010,lcJFnBFLAaBlcQnLiKPSCaBgQIywUlUcvgagaILkbnbDLDcJLHhrCwcQlyswLuAJgsJLMLJyLky
mjsw0_si1640,vecLkwLScDLzGwEDCnC
mjsw0_si2270,kacLuAJLMPwLkJcCLlNMkwELMcScDUyLuFBFBFB
mjsw0_sx110,lcLhnJLSBnsmcBrDwJLkwJaQtNnbnLAJLMrLHIaLhBcCUJ
mjsw0_sx200,IebeBtLAwDLMIaFBlcJLMkaLHhSaLiMitIcDcLhByLirUJ
mjsw0_sx20,KySaIDSaICLtByJySBwDcBFQrIrIaBUJ
mjsw0_sx290,lwJLHhIrnKrwrUJLtIwLMwLAcBywDtaICwLMwQtrLHrJLHMnLMwQLhgr
mjsw0_sx380,SgLinraIrLzCcDytIrJncLziLubarILhwLzKzLnwLwM
mklt0_si1213,CgecBFDwLAJLHwPIwDLJwJULtaFBcaFLQLJwCLHBrBacgagFagDUJ
mklt0_si1843,KiPSPSwKUInmwytaBaQrLuInsmwQwnDLirUDLDPyIaQcBlBcQrCFPFLBLHaIDLD
mklt0_si583,lkwJLSwyLAwDJwLHcNlnmwLABywDCcJLMsbCcD
mklt0_sx133,HyLMrIywrUwLADLlyDTwtaILASwywLuCBgcDLizi
mklt0_sx223,HOwLAcLhOcLicLhBaLMsLSBcwDLkwLurIFgaLizi
mklt0_sx313,IukIactgabtaGOBOaFBDCUDlcLhaLiJiLSctaymTyLuPbene
mklt0_sx403,vcSaILkInsPwsrPFQLADJwJLMcQhCBFDCDSBwyJLArLJwDLhBegBFUDUJ
mklt0_sx43,nBLlkmPcPQlBywLHyLHBSrPIraBtcwDwLAJLABPLkwLk
mlll0_si1363,JcQByUJLHwLAcwBsysKwDJLCsyntJcCnIgwnLclrUKcrJcCDBScDwCLhwLuTPFcrJ
mlll0_si1993,KOwLKiKySsLAwnwC
mlll0_si733,kMPQGLHMHcEDLKIyEDrLAcsDEDwDLMwDChyLJLMnJNlcC
mlll0_sx103,AaDBwbsLhwBwcDJUtrCnmwLABFBJwUJLMcDLJ
mlll0_sx13,JLSBywETragaICwUJvgUwLAbnDC
mlll0_sx193,SgLhgLaGnBaBLSOwDTaBSFGDKPUCagEDEC
mlll0_sx283,HBbDLkLHnrLkvOFOmwaILuIwUsysKwDUJUJLHCFOLHhrNUJLADLkMIaB
mlll0_sx373,cLhGaIwyECDaCBaBwUwJcLHrLhHJwyLAwEDLHnB
mlnt0_si1574,HBgJLSaIDLknrIeDlcLhBFBcLhBDwnDLMcFBUwDSwLiMvyCaLlswLhSBabLhIrsynbnLMk
mlnt0_si1902,lcLHaJwEDLuBFBacQLHcJwLrIbnbLM
mlnt0_si642,lknrLHIaLJLAHrLMPCJLMncnbLHSIBbmDrJLJcncLisbnrLrbDaLHAvaBCLtHIbD
mlnt0_sx102,JLHbncKBFrLMbJtaIJwUcLrInJLATPvaJLMwLzwJtrCLAwLDCbLHrJUJ
mlnt0_sx12,SnFBSISaLhwDCSnrIsTnBFBlwnBy
mlnt0_sx192,JLMkIarIvbLJLAreaeaDmBcrtHbKwDLkwKywr
mlnt0_sx282,lwLMPCLNHnrIytrLubabLMwLAaCcDEIaLzrJKLMPDPCLNLlNMkuenBeIgveaLM
mlnt0_sx372,lknLkgLuIerICsLAJnDJLAUMHGFDEBybtLMrCgLiJLMkbgbmy
mmdb1_si1625,vyCsyLJLhycEDLAaBFCLtrLhB
mmdb1_si2255,vyJBaFDreaeDLkvbgUJLMSaILlkcLhnLkIPBacCJcCLtQlwtLAMyDtymPcSsy
mmdb1_si995,bnLkwtrDLMgcgDCJyJrLkwULAByLABcQmlcDCLABSnrIBylmrLwnDwUaGaIrFLAwDwcJLM
mmdb1_sx185,kwLzPLhgsGwbDyLAaImrIrGgsmFBFQrIraBUJUJ
mmdb1_sx275,JLMyQtaSrIrIFacILhIsLInLAwnbnKLIrJLSBnmr
mmdb1_sx365,lwLuAcCcwCLAnLHLlMwUQtwLMwDCLAaIDrmbnbLkukcDLHBGELuMkMQIrNIyaerUJUJ
mmdb1_sx5,KywJLlNlnwDrlwDcgBywcC
mmdb1_sx95,yLuAuSBgaDwUwDbnbBwLAtyPmrUJvnLMIbaLHyLABIncLMcgBUJU
mmdm2_si1452,HBLMiMIyLIyUFBLJcQhyIsymyTPyPyKDLMnbnbnJLScNLHFBLMIyvnrclhHwEDLAGsgLJwLAJnJLtB
mmdm2_si1555,cJyLAHTyQGsJLQbnbDLJrLk
mmdm2_si2082,vTrLhGBwEDCnwnBLAsELyLTP
mmdm2_sx102,JLHncnKBLMbnbnbJLAtaIJwUInJLATPvacJcLzwULtCLAwOLDcLHrUJ
mmdm2_sx12,SBaIaLQmQcDSrTywBFBwBy
mmdm2_sx192,JLMIavbLJraImctnbKwDlwcJvTwr
mmdm2_sx282,lwLMPNUtwnIrytrLuaLMicLAcCDSwDEIgLzrULMPNtncBeFBFe
mmdm2_sx372,lncbLkgbLuIbenbncDCsLAJnDJUJLavFGBybLMrCcLMiJLMJnmy
mmjr0_si1648,TDFUctNtwIrByCaILDCFLMnBLSwNJULASGSGsmwLkwmcQcBrnLMLABLkcJLHBsyswDtIaDCLMJ
mmjr0_si2166,BcOLALJIyUaILMLJcCLtBOFOSacUJ
mmjr0_si2278,lkzuTPyLMsLAJwDtgagagILAeDyUJLMPLhnLkIrCUJ
mmjr0_sx118,lMcLhgagagIDCaBlwEDEDLukrywCDUJULbvbnBcBaILzcLhBFB
mmjr0_sx208,IaLhJncLHhgIlcLHaDLkLwDULAnLiLNLklwcKJKLMIsLuTyJ
mmjr0_sx28,lhLhsEQlQbLuaILktIFScIDLunBaDcQLAbJ
mmjr0_sx298,gLkIclkcwcDaLHaglQyKTPUJLlwnwCDLkQTyFQrLiaILzLM
mmjr0_sx388,vrIgsIwvbDsLAJLSDnQrlcLhnraIrICnLMIrLALHInKrLiIPnDLzrwUJ
mmwh0_si1089,HrvbLHJNwEULSryTyQwDSaIrUJKLNlbnD
mmwh0_si1301,kyDULAwDtaICDwDwCLHaIrLDLhrIsPswLzLhHwLMSyDlwLHIrnKUlUwnwDLnwDtbLABLMwy
mmwh0_si459,vytrlrLHrLHIFULuIbDLMJcQcDcDJLHnJctBgcLkMJaFCDtrLAJLHhIrCwDLMHBcvaJLHhHcmBJ
mmwh0_sx189,kwKLMIrGgsnQIytgeIrBsmwPLMwCgLamwLJ
mmwh0_sx279,MLbeaBcBJwUwcLhwBcLMPyLMcSrLASwlenBLJPLHrQwKwDwULDFLSwlNwy
mmwh0_sx369,haLHsLHrLkmuFQtcPQBwQwErwCDCTParIrBUJ
mmwh0_sx99,DCwLkyQHBJgmyScwULHhlsJLMkaDvgraILAMyJ
mmwh0_sx9,SrSISIrTPSnFcBSySrSBbnsy
mnjm0_si1580,TaBGsJwbsbDLlNcvbebaQCcDywbDsgLwnDwEwDJLHaLAw
mnjm0_si2210,CDhaBIyLHNMHrDbLkuIcJtSacLJBcFGagaICr
mnjm0_si950,bJaLizLwnLwBScULhyaCLHaBcNLlNlnLJwcDvbLDFDysmwcrLMctJclcOLAsKwDLhgsCbNlwLz
mnjm0_sx140,bngLmLrwLAcaBLiIFBLHIamcaLJaIrvaDyPsQcBwylwJLKIOlQmwmw
mnjm0_sx230,cBeaByPSsvnIrLhcIgbLKJLDBcBagULJUaBvBnrcDJUJ
mnjm0_sx320,lncDlnrwJcDcwrDLuagaLAkLCnwDaLhwPScwNJwneFcSaLAwEDtLlwnwcQNJlcDLJUJM
mnjm0_sx410,uIsnLhagUJUtIbncKJLCDnBLAHvyLiLSyLlNlsCaIDwE
mnjm0_sx50,AcnbmcJLMAIatwLAnLAwcDaCwgLAacacLHhbLAJlLDwLuBbLtlcLHFGBaIr
mpam0_si1189,wsyLtTyFLuacacDUSrLAbacLirmwDCLHwUwKwDCD
mpam0_si1819,vyPIcLhkwUgJByLHcBySwNLScDvTPLzLHFBcB
mpam0_si1961,cJcnLMkwLMASIwLizLMwKrLzJLJByQNLwDytnFBLlcLhIyNLHhrDacCwUcLhIaICD
mpam0_sx109,KyJBOLMwDUJLHIwnyDLkrcnbgELAcFScCDlwJLMyLHJBFLH
mpam0_sx199,TcCLiwBLkmrwDLziOwPmwcQaGarLkwLAJiLHhFKrLMcLAwDLMsLzwJLkMwUyPyPUwUJ
mpam0_sx19,cBPCcDcCJFcQDSrLAwDGatDLhytBwCUy
mpam0_sx289,ScnwclrcwrLHrIPrQLucBaKwUrQrTPJUJtBScBwDJyaemB
mpam0_sx379,MHenbCLukuwQULkIcaclmwEBCcnJDUaFcCDLNrUJLMksFcsPrUJUJ
mpdf0_si1542,lwtyLALSaSrIaICyKPrUJUwDaeaQTywJLkwJIPLHrnr
mpdf0_si2172,JLMInwELNLhyLunwbDLMwUwnwLHcLHcwDLkeDLvwUJULiKnJLMJ
mpdf0_si912,TPCsbwCsKirJnBtwDwLASgrnrIwywBFCbLAtaI
mpdf0_sx102,JLHnKBLMbJLAtaIJwUJUJLInJLATPyvaJLMwLzwUJtIcCLAwLDbLHrUJ
mpdf0_sx12,SwBFIaLkhwDcSnrFsbBTynBFBFBwBy
mpdf0_sx192,JLMIavbLJramcwctbKDwJTwr
mpdf0_sx282,lwLMPNtnrwstrLuacLlMwLAcCScDIaLzrUJLMPtNtnBenea
mpdf0_sx372,lbnLkgbLuIbCswLAJnDJFDCybLtLMrCcLiJLMncmy
mrcs0_si1223,lrwcIwswLAFLiJLIbDBgLAuIbnbLhwLJ
mrcs0_si1853,lkcncnJLwQnbDJwLArLkLwDQwLMwDJULisDUwDwLHwIrwDJULnwbnwDPSwDUrIagQLkMk
mrcs0_si593,lwyLubebBcDLkvbtJywmyTywULkgbwEDcDwDJUtyLMkM
mrcs0_sx143,lcwJbeDLkwLzwDlcwtrULhHTyTPLhBUJUJLAwrLklybDQBFLH
mrcs0_sx233,vgSsybnwbnDktIySwsCyDElwcJsCDtNwbwED
mrcs0_sx323,lctaLHIPQnDmwLlknwCtIcCrIgQwEDaDLMgDC
mrcs0_sx413,klMbtLDyJLSBymyKUKzLDymBLHGwDLJLAaIrtLCbLiJLMrJLArLMkM
mrcs0_sx53,yQwDwJwnCLHBLQhOBOLAbLTwyBnrIyLADLMsysyDJwCLhBUJ
mreb0_si1375,atwDLkcaCwcDwLJLMInJwCLHBywDLlkwLAsLMwrPyJbnDrIwywEDwkFcQcwLMnDKwDaSaIwyCFKwDCD
mreb0_si2005,vyDvynLkBntLMrwDQgBwLNlNwLAyEtrIrDCDwFByTybgnrImySwLznDLMkAFLvQrwDLMagagIgDC
mreb0_si745,HrIsgsBFSLBaSaILMvnFJLMwUTPQKPB
mreb0_sx115,lywcCSBCcCDLkwLHswLAJywLAIaLQHSGwJUaBcBLuQBnFB
mreb0_sx205,DFcLMrIysLHIrJLDebenaBaIwrLAJLHnLAMwLMPazIFLhsLucQCwDaIQrUJ
mreb0_sx25,gaFDByCDCBGrnIrULBcQDCsywDwnrUJ
mreb0_sx295,wLAnrnrIFLAcCDUJLMCaIgFBFLvrnQrIsDktrCymwyEwLMwP
mreb0_sx385,vwKnFBLkrtnBLHnUwtcSaILhIFLAwD
mrjm4_si1489,vbnbDQBaJLABPFQBFECLlcJwbsC
mrjm4_si2119,lywTywDCULMwELMwLkwJcLHAcCDbULhCwDCaBaLJLM
mrjm4_si859,vsCDagaDEDLAMAcwLMrLhyLMrwrLHBbDCDTPUySaFeLHsatrIcDcSrLrAIrwDLMwPFaBGBrwrIwLkMgagrUJUJ
mrjm4_sx139,lcLhcCDLuhcBFBScUJLHFcUCBSyJwLizPSPsysmwLDwrlwKrSaIr
mrjm4_sx229,aIyTywBPQBcOLAwyEDtaICLHBacDcDCLk
mrjm4_sx319,vwLhwLuwFLMgQDByvybwbcCLhBLMNIPlctaICDvraI
mrjm4_sx409,TymyDUJLHwDwPKzLCgChyCLAHAIyJDwJLMIrnwnELCrgIgbLATPcrJSBrwy
mrjm4_sx49,vbLMISgaBegmcaDlcDLkMAIaJtLHMlsSwOBvbFKwrLhBy
mrjr0_si1182,hcmcJLkwtIbnDLiKysLkwtATPOcFlyUgLkyncwnUJ
mrjr0_si1812,wLiMrmwLmkywUDFLMgCDCLtaIwLAIrCwDsysKwDUJ
mrjr0_si2313,SnBLziKwDTwrLkwLDwvyTyLkLFDBySBagcDLwnDCwUJLMrvbnDryLkwLDTyQwDLkPmywPlQbecaLSBSnB
mrjr0_sx102,JLhncKBLMbJLAMtaIJwUInJLATyTPvaJLJwLzwUtIcCLAwLDebCLHrU
mrjr0_sx12,SwnwBFIaLCwDSnIrIsTynwBFBFBwBy
mrjr0_sx192,JLMIavbLMJaIreamctJgbKwDlwcwJyr
mrjr0_sx282,lwLMPyPNtnIrytrLkaLMwLAaCSBSwnwDIcaLzrULMPyPLNMtnBeLHA
mrjr0_sx372,lbcbLkgLuIbDCsLAJbDUFCDBybtLMrCcLiJLMkcmy
mroa0_si1307,lwUJwUDFDwULAarcQtLCswKLDCBaFBLwDLMkLHw
mroa0_si1970,lwLAIwBywLkwDctFLBLSLSwDwCIwyEDLAMADLMPLkwLkaDwUcLQCcSOcDwFBULISrIeDLD
mroa0_si677,ACDLHnvrSBLAIwPwDULACLhyEDFLmwLlwBULSr
mroa0_sx137,MrLkwKDBPLAHarULHIcCcBFLHIPQCBtIcDLurIsrysPLzkzLHrIrLziU
mroa0_sx227,lcwLJUvwBNKJTrLkLAOLAScNncFLiKIPQr
mroa0_sx317,lwLAIybCLhrIywLhaFBLukwLJLHhrIPLHAIwLkyPCDcGaFmcCD
mroa0_sx407,BnFcnctJLlhnbCLMJLwDJwEwtaILiKDJLCaBULHaIDTPCD
mroa0_sx47,CaDCJLAMAIaESByLkwJBgLAJlnLHtLMFcnLKUIrUJ
mrtk0_si1093,ScmbnBCcUJcQraILhywvsQTwraILkwywJgagGJyUtQLJM
mrtk0_si1723,vwDPSIgLkhywnwLkIwtLMwQClQDkbwbwDtrCDFSr
mrtk0_si1750,AwlywCbJIrnbwCJnBtyPylcwCbDaDLkwJgLlwcLHIgCnwDwJLMrtwswr
mrtk0_sx103,AaFaFDnbCLCwPcDJUtrCnmwLABacJwJLMcDLUJ
mrtk0_sx13,JLSywETraICvwUvgKwPLAsbD
mrtk0_sx193,SagaLCgaGwFBScwDTyFaBSGUTPUCaFgD
mrtk0_sx283,HBbDLHAnrnrDvOnmaILwDwUsKDJUtrCFELCrNJLAwDLMIrB
mrtk0_sx373,wcCLhCQaIwEDaQBGwUwyJwLHrLCLJByLHwELHvnmFBFBFB
mrws1_si1130,KwPlywLAJnBrIrsmwELuInwclNQNcwtLtMncLDnBcLzTPylnwDSaIDcJ
mrws1_si1496,bQtLMrQbLhQhgIQrFDJLJScUwLuUzMJFcBFBLMcDLMHByUy
mrws1_si500,lnrCaIraLlNtywUJLDwCDtcCsmybLAJcaDwDyLHIgaQrwmagagJwrwyJUJM
mrws1_sx140,bnaIgbLuIrLAFBFBLMIrIFLHIamlBrwnLAJrwCyQwDByLkwJUtMIrLhyLmkwLk
mrws1_sx230,cBeBySsvwrPrSLInLIbKcBSgUcaBSeBGnrUJ
mrws1_sx320,lwDwrJwDwELuagaILCnwEDaLHhySwNvtwDSaLAwEDLkwJLMwLJUJ
mrws1_sx410,uInsnwLhgUtInKLCDFLHAyLMiLSyLkMwsCaIDmDC
mrws1_sx50,AbmbnJLMIatwrLAyLAwDacCwrLAcLlhbLAJLCwDLuBncnLlMcLHFaIr
mtaa0_si1285,twnwbDByIbKJLDwELHIaLhBySBLhyEDnJrIy
mtaa0_si1915,lwScUtlwsnrBlwLiKwySwOLkvbebtLMPywDgabLMtIrIyDcDJysKDELlsnsLutrLuwQDcJUJ
mtaa0_si596,acDlyUlNwytwBsLAwDuEIFBFag
mtaa0_sx115,lwnbnwBcCDLkMwcLHtwLAJNlBwOLAIaLHBwJUaBcLuBFB
mtaa0_sx205,CDwBFOLMrIwyLHrJDFarIrLAJLhcLMwLMPLhsLuFQrCBwLSGSOImrUJ
mtaa0_sx25,SFGBFDByBGTrJUBFBLQLCDFwBGywDbrnrUJ
mtaa0_sx295,lwtLAMrIFLAcCJLCaIGBFBLvbncQrIrnDMUtrSIrIwCymyDEwLMJP
mtaa0_sx385,vwKPaFQartNwncnBFLnUctOwLSrLHBIFLAwDC
mtas1_si1473,TaFIrymwDctLcvcacDy
mtas1_si2098,vyLuyQwKaILkcvaILkBbgbtLwDBOwOLMwrLvrDFGFwEBy
mtas1_si838,vywELAIyJywyELMwnCLhOFBcQtQDhyPLHIamwLkwQnBFBLCwD
mtas1_sx118,AcCLhagsCDLaBlyEDELuIymTywDJULUwDBcBaILkzLHB
mtas1_sx208,IaLhJbLhgclcLHacLkMwLwDJLAubnbLizizLMLMcJLMIsLkyJU
mtas1_sx28,lkLhsLknLuaILktIrScDLubenbBecaDCLcQtLubnJ
mtas1_sx298,gLkuInclcwDcacLhglyKyPUlJBwDLhyFQrLiaIrLzLM
mtas1_sx388,vrIgsgLkvbnwbnDLwsLAJUJLScDknQrlwLhnrCInLMirLHInKrLisDLzwUJ
mtdt0_si1994,JPBtaByULhywrULScULkwLuwLCywDLhwnLDCsbDTPLzwJLHhnDBcBFSamcCFacDy
mtdt0_si2254,ASbgByvyLkwLMrCwDLlctaGBar
mtdt0_si994,vrJLMcmywQvwUJLMrIrIySGScFULHrJwJLkMcQDByLHrJKPLk
mtdt0_sx184,lwLAbnLJLCybeBeaeaBaGUtvtrLiLCgyTwrUJ
mtdt0_sx274,ABwcNtScFUJPlNcLhcmcBcLFKwrIrywJLCcJagaLz
mtdt0_sx364,TyLzcDLMgCDCByswDLAcCSBaJLAFBcDUJgmwLSwNlcLhIsLkeFcFcemcQwvymwyEJwUJLMcCLHaI
mtdt0_sx4,zsCsrDrCaICFacamysyLhgSaILAyEvaILk
mtdt0_sx94,TcCJLMrULBcFcQLAaCwDELAbDkyTPULMIyLJ
mteb0_si1133,ywyLAnDLHrLzbnbnbnLAMkBaEIsysDzLuFBUJtaIrLUJnBt
mteb0_si2064,vyPScULuwtLMwPswLkSwNtbDSaFCbEwLMwUcDLnDcLHFLwDcBrtrScDCwDmwPFDQwnDyIsJUJ
mteb0_si503,lkhnIryaJLzMwrIrITywnyrIsJy
mteb0_sx143,lwJbeDLkwQLzwDwrtrULhlTPyQlcBUJLAuwrLhybDcBFLH
mteb0_sx233,veSsGTywDtySsGgLCyDEUJsCLNbswE
mteb0_sx323,lctaLHIrQwnwDwDLkbnCDtrIcCDrIgQwEagaDLMagD
mteb0_sx413,kubtLDyJLSymkwKJLDymBLHGysJLAuaIrtLCbLiLMrJLMAr
mteb0_sx53,TyTyQwDwJcwCLHBQSBLAbnQyBrIwsLAwDLDMvHsDJwCLhBUJ
mthc0_si1015,vsynDLHgbsKrIraILlQlyclrLiyJaIJKcwUcQBagLJLMaLAtyLk
mthc0_si1645,JcLiKiUeaBLMcCwUcCScULACLHByBycDLzcJLMctgLk
mthc0_si2275,wLkaFaBLkwLlhlOLAlBwIrIrytwKDkwnDKwLHKsLtQHN
mthc0_sx115,lywCLhBwcCDEDLkyLHMNHMwnLAJLlNynwLAIaLHBwcUJaBcwOLukSBPnFB
mthc0_sx205,CDwBcLiMrIwsLHrJDeFenBaBvaIwgLAJLHncLAMAwLMPFLhsyLuFcFQrCwDLMaImrUJ
mthc0_sx25,aFBCByBGrUJUBFLQCPwFBwywDbnrUJLB
mthc0_sx295,lwtLAMcrFDrImBFBLAcCEJLiMISCaIrBLvbtHrIsyDKtrCymwyEvbnLMP
mthc0_sx385,vwKzFBLkrtnBLMnFcnUwctwSrLhIFLAwD
mtls0_si1370,SwCsJtsmwLvwJLHIaCcCDScUJLMkgLDFJLMLClClwLlHnLvAyIwytTyULMIyLCwD
mtls0_si2000,SyLAwyELuyTPwmwLwtSwLhkyPTsLkwyLvyJwLHsKwLQCDwywy
mtls0_si740,kwPSwNtebeLtsnbDLJyLHsLhBLALaBctNJUJ
mtls0_sx110,lcLhbnbJLASGgLMcCDrgrIwrDLwUJLMwJaBLlQlnLAJLMrLHIaeBLHcCLUJUJ
mtls0_sx200,IbebtLAwDLMIFLlLlwJLMcaeaeLHhSaLiMtrDCDlcLHysyLirUJ
mtls0_sx20,KyTPySaIrSaICDtNtByJySBQBOnwDcFQtrIFaFBeaBcBUJ
mtls0_sx290,lwJLHrtKTwrIrwJLHuzAwLhlwQDtaBFCLMwQtaIrLHrJLHnLMcQLhcgr
mtls0_sx380,SgLMiaILzLCcDytrJncLiLuaILHwLziz
mwbt0_si1553,veFSeGnQrclcFBwmrIyCsysyLkacLhSbnDLMwLhgJnQIBLkcFUwcDCBcLzizMtIPrSDCUJcLHrFUJ
mwbt0_si2183,haOFgOLAJcFtFKLDacOLHAJ
mwbt0_si923,MPCnDBynLAJLHhrwrLMiJNlwJLMIbnDLEScUwDnQcmcLhBFB
mwbt0_sx113,syCcJLAwBcncFnbLkcCgcecDEDEDELQwULuOLktGaBTwLhbgbeaLAM
mwbt0_sx203,lwLABacUSBsynwDLkwLkcLhIcLHBsyLDLMbncLlNlcwKwaFaI
mwbt0_sx23,lBFULCBPUwKwDUvgeDCcDagULCBgaQBcBcFJKJBGwyE
mwbt0_sx293,HMAlNHByUJLMsLNlNlwUJLzMPwPwmyLMsLhBOLABaJLMwclwLAByDnwUtcCsysy
mwbt0_sx383,lwLAaLHwLABymcrwUJLKisnwbwcbCLHFPmQlkgeaeIrFaIrycDLMcFIaLk
mwew0_si1361,ScmwDwJLScDJnLKDESwySnBLAcCLkuFamwmrUJ
mwew0_si1991,SBcmFNtNhyLHwyBwaOyBEIFDlwJLMIyLMwDLAacJLMwCUwDCbnbnbJLAJLwnwDvwnDQwEcChCaB
mwew0_si731,ctNtvyTPUBsmrIPlwLkFaELtwnBFBwD
mwew0_sx101,MwDwLurnrDLKiKwBFLumrnDLknLArsLlrLABSBnJIrPCJUtIaBeaBcFmsJUJ
mwew0_sx11,vySPBFcBeFrQInIrBegsA
mwew0_sx191,SwOLzkIaBtaGFDybnbLAyUsKwDUPwScDLMJUJ
mwew0_sx281,AaIywDLMIwKLHBsysyLMnbLSwOLhyLiLHhaBJUJtrIaFerIrUJUJ
mwew0_sx371,IswLDecCwDcacLHhyLmwLhnFcnJLMbgbwgQtrLhwUDwUJLCrLzrPrU
mwjg0_si1124,BlBnLDhyLASBFLkvwCyLQHwDCaIrtBcByLtrvwUwDebebBcJwJwUCLHaILDLMCcgLlNwyEC
mwjg0_si1754,vyJnLlwLAIsUKwytBPBLvbtcBeaegFLC
mwjg0_si494,lwsLAJBFBywLByULMLScDvbtHerIBaELhur
mwjg0_sx134,kwJcwcCLhIwDLzsnDTyPrIrywsracDgJLCcDLJLMwJLHnDLkwDCgbsbDCQCwyE
mwjg0_sx224,veFLuASwPOLmkwLwUKTrPIrwDLkPrIPrwDLUJ
mwjg0_sx314,wLHyLHcSOBCSaSIwLziznDIrnwJLlrSclLhyDFPDyLtcSnBtnr
mwjg0_sx404,haILhLHhrDLkLHsLHrIrwDByTyUJUJwDkwLHNwyswLhFaDtgr
mwjg0_sx44,lhbJLMcLhHBaBLAwDLhywDwDwLAMsPwsPDPwELUJLHtSar
